{
  "0 debug pnpm:scope": {
    "selected": 1
  },
  "1 debug pnpm:package-manifest": {
    "initial": {},
    "prefix": "D:\\WS\\GraphQL\\client-server-example"
  },
  "2 debug pnpm:context": {
    "currentLockfileExists": false,
    "storeDir": "D:\\.pnpm-store\\v3",
    "virtualStoreDir": "D:\\WS\\GraphQL\\client-server-example\\node_modules\\.pnpm"
  },
  "3 debug pnpm:stage": {
    "prefix": "D:\\WS\\GraphQL\\client-server-example",
    "stage": "resolution_started"
  },
  "4 debug pnpm:_dependency_resolved": {
    "resolution": "registry.npmjs.org/filter/0.1.1",
    "wanted": {
      "dependentId": ".",
      "name": "filter",
      "rawSpec": "latest"
    }
  },
  "5 debug pnpm:progress": {
    "packageId": "registry.npmjs.org/filter/0.1.1",
    "requester": "D:\\WS\\GraphQL\\client-server-example",
    "status": "resolved"
  },
  "6 error pnpm": {
    "code": "ERR_PNPM_FETCH_404",
    "hint": "@dev-demands/web is not in the npm registry, or you have no permission to fetch it.\n\nNo authorization header was set for the request.",
    "request": {
      "url": "https://registry.npmjs.org/@dev-demands%2Fweb"
    },
    "response": {
      "size": 0,
      "timeout": 60000
    },
    "pkgName": "@dev-demands/web",
    "pkgsStack": [],
    "err": {
      "name": "Error",
      "message": "GET https://registry.npmjs.org/@dev-demands%2Fweb: Not Found - 404",
      "code": "ERR_PNPM_FETCH_404",
      "stack": "Error: GET https://registry.npmjs.org/@dev-demands%2Fweb: Not Found - 404\n    at RetryOperation._fn (C:\\Users\\flavi\\AppData\\Roaming\\npm\\node_modules\\pnpm\\dist\\pnpm.cjs:86260:18)\n    at processTicksAndRejections (internal/process/task_queues.js:95:5)"
    }
  }
}